Using pre-set license
Built from '6000.0/release' branch; Version is '6000.0.35f1 (9a3bc604008a) revision 10107846'; Using compiler version '193933523'; Build Type 'Release'
OS: 'Windows 11  (10.0.22631) 64bit CoreSingleLanguage' Language: 'en' Physical Memory: 24279 MB
BatchMode: 1, IsHumanControllingUs: 0, StartBugReporterOnCrash: 0, Is64bit: 1, IsPro: 1

COMMAND LINE ARGUMENTS:
C:\Program Files\Unity\Hub\Editor\6000.0.35f1\Editor\Unity.exe
-adb2
-batchMode
-noUpm
-name
AssetImportWorker0
-projectPath
C:/Users/Andrei/Documents/GitHub/Enigmatic-Project/Enigmatic Project
-logFile
Logs/AssetImportWorker0.log
-srvPort
49894
-job-worker-count
5
-background-job-worker-count
8
-gc-helper-count
1
Successfully changed project path to: C:/Users/Andrei/Documents/GitHub/Enigmatic-Project/Enigmatic Project
C:/Users/Andrei/Documents/GitHub/Enigmatic-Project/Enigmatic Project
[UnityMemory] Configuration Parameters - Can be set up in boot.config
    "memorysetup-bucket-allocator-granularity=16"
    "memorysetup-bucket-allocator-bucket-count=8"
    "memorysetup-bucket-allocator-block-size=33554432"
    "memorysetup-bucket-allocator-block-count=8"
    "memorysetup-main-allocator-block-size=16777216"
    "memorysetup-thread-allocator-block-size=16777216"
    "memorysetup-gfx-main-allocator-block-size=16777216"
    "memorysetup-gfx-thread-allocator-block-size=16777216"
    "memorysetup-cache-allocator-block-size=4194304"
    "memorysetup-typetree-allocator-block-size=2097152"
    "memorysetup-profiler-bucket-allocator-granularity=16"
    "memorysetup-profiler-bucket-allocator-bucket-count=8"
    "memorysetup-profiler-bucket-allocator-block-size=33554432"
    "memorysetup-profiler-bucket-allocator-block-count=8"
    "memorysetup-profiler-allocator-block-size=16777216"
    "memorysetup-profiler-editor-allocator-block-size=1048576"
    "memorysetup-temp-allocator-size-main=16777216"
    "memorysetup-job-temp-allocator-block-size=2097152"
    "memorysetup-job-temp-allocator-block-size-background=1048576"
    "memorysetup-job-temp-allocator-reduction-small-platforms=262144"
    "memorysetup-allocator-temp-initial-block-size-main=262144"
    "memorysetup-allocator-temp-initial-block-size-worker=262144"
    "memorysetup-temp-allocator-size-background-worker=32768"
    "memorysetup-temp-allocator-size-job-worker=262144"
    "memorysetup-temp-allocator-size-preload-manager=33554432"
    "memorysetup-temp-allocator-size-nav-mesh-worker=65536"
    "memorysetup-temp-allocator-size-audio-worker=65536"
    "memorysetup-temp-allocator-size-cloud-worker=32768"
    "memorysetup-temp-allocator-size-gi-baking-worker=262144"
    "memorysetup-temp-allocator-size-gi-baking-worker=262144"
    "memorysetup-temp-allocator-size-gi-baking-worker=262144"
    "memorysetup-temp-allocator-size-gi-baking-worker=262144"
    "memorysetup-temp-allocator-size-gi-baking-worker=262144"
    "memorysetup-temp-allocator-size-gfx=262144"
Player connection [17064]  Target information:

Player connection [17064]  * "[IP] 192.168.43.113 [Port] 0 [Flags] 2 [Guid] 4132523174 [EditorId] 4132523174 [Version] 1048832 [Id] WindowsEditor(7,nut) [Debug] 1 [PackageName] WindowsEditor [ProjectName] Editor" 

Player connection [17064] Host joined multi-casting on [225.0.0.222:54997]...
Player connection [17064] Host joined alternative multi-casting on [225.0.0.222:34997]...
JobSystem: Creating JobQueue using job-worker-count value 5
Input System module state changed to: Initialized.
[Physics::Module] Initialized fallback backend.
[Physics::Module] Id: 0xdecafbad
Library Redirect Path: Library/
[Physics::Module] Selected backend.
[Physics::Module] Name: PhysX
[Physics::Module] Id: 0xf2b8ea05
[Physics::Module] SDK Version: 4.1.2
[Physics::Module] Integration Version: 1.0.0
[Physics::Module] Threading Mode: Multi-Threaded
Refreshing native plugins compatible for Editor in 2.00 ms, found 3 plugins.
Preloading 0 native plugins for Editor in 0.00 ms.
Initialize engine version: 6000.0.35f1 (9a3bc604008a)
[Subsystems] Discovering subsystems at path C:/Program Files/Unity/Hub/Editor/6000.0.35f1/Editor/Data/Resources/UnitySubsystems
[Subsystems] Discovering subsystems at path C:/Users/Andrei/Documents/GitHub/Enigmatic-Project/Enigmatic Project/Assets
GfxDevice: creating device client; kGfxThreadingModeNonThreaded
Direct3D:
    Version:  Direct3D 11.0 [level 11.1]
    Renderer: NVIDIA GeForce RTX 4050 Laptop GPU (ID=0x28a1)
    Vendor:   NVIDIA
    VRAM:     5921 MB
    Driver:   32.0.15.6603
Initialize mono
Mono path[0] = 'C:/Program Files/Unity/Hub/Editor/6000.0.35f1/Editor/Data/Managed'
Mono path[1] = 'C:/Program Files/Unity/Hub/Editor/6000.0.35f1/Editor/Data/MonoBleedingEdge/lib/mono/unityjit-win32'
Mono config path = 'C:/Program Files/Unity/Hub/Editor/6000.0.35f1/Editor/Data/MonoBleedingEdge/etc'
Using monoOptions --debugger-agent=transport=dt_socket,embedding=1,server=y,suspend=n,address=127.0.0.1:56908
Begin MonoManager ReloadAssembly
Registering precompiled unity dll's ...
Register platform support module: C:/Program Files/Unity/Hub/Editor/6000.0.35f1/Editor/Data/PlaybackEngines/WebGLSupport/UnityEditor.WebGL.Extensions.dll
Register platform support module: C:/Program Files/Unity/Hub/Editor/6000.0.35f1/Editor/Data/PlaybackEngines/WindowsStandaloneSupport/UnityEditor.WindowsStandalone.Extensions.dll
Registered in 0.008620 seconds.
- Loaded All Assemblies, in  1.091 seconds
Native extension for WindowsStandalone target not found
Native extension for WebGL target not found
Mono: successfully reloaded assembly
- Finished resetting the current domain, in  1.115 seconds
Domain Reload Profiling: 2200ms
	BeginReloadAssembly (320ms)
		ExecutionOrderSort (0ms)
		DisableScriptedObjects (0ms)
		BackupInstance (0ms)
		ReleaseScriptingObjects (0ms)
		CreateAndSetChildDomain (1ms)
	RebuildCommonClasses (91ms)
	RebuildNativeTypeToScriptingClass (31ms)
	initialDomainReloadingComplete (134ms)
	LoadAllAssembliesAndSetupDomain (507ms)
		LoadAssemblies (316ms)
		RebuildTransferFunctionScriptingTraits (0ms)
		AnalyzeDomain (499ms)
			TypeCache.Refresh (495ms)
				TypeCache.ScanAssembly (455ms)
			BuildScriptInfoCaches (1ms)
			ResolveRequiredComponents (1ms)
	FinalizeReload (1117ms)
		ReleaseScriptCaches (0ms)
		RebuildScriptCaches (0ms)
		SetupLoadedEditorAssemblies (988ms)
			LogAssemblyErrors (0ms)
			InitializePlatformSupportModulesInManaged (85ms)
			SetLoadedEditorAssemblies (15ms)
			BeforeProcessingInitializeOnLoad (212ms)
			ProcessInitializeOnLoadAttributes (502ms)
			ProcessInitializeOnLoadMethodAttributes (174ms)
			AfterProcessingInitializeOnLoad (0ms)
			EditorAssembliesLoaded (0ms)
		ExecutionOrderSort2 (0ms)
		AwakeInstancesAfterBackupRestoration (0ms)
========================================================================
Worker process is ready to serve import requests
Import Worker Mode flag is 0x00
Begin MonoManager ReloadAssembly
- Loaded All Assemblies, in  2.180 seconds
Refreshing native plugins compatible for Editor in 2.65 ms, found 3 plugins.
Native extension for WindowsStandalone target not found
Native extension for WebGL target not found
Mono: successfully reloaded assembly
- Finished resetting the current domain, in  1.221 seconds
Domain Reload Profiling: 3393ms
	BeginReloadAssembly (627ms)
		ExecutionOrderSort (0ms)
		DisableScriptedObjects (26ms)
		BackupInstance (0ms)
		ReleaseScriptingObjects (0ms)
		CreateAndSetChildDomain (85ms)
	RebuildCommonClasses (131ms)
	RebuildNativeTypeToScriptingClass (40ms)
	initialDomainReloadingComplete (119ms)
	LoadAllAssembliesAndSetupDomain (1254ms)
		LoadAssemblies (1043ms)
		RebuildTransferFunctionScriptingTraits (0ms)
		AnalyzeDomain (604ms)
			TypeCache.Refresh (483ms)
				TypeCache.ScanAssembly (448ms)
			BuildScriptInfoCaches (100ms)
			ResolveRequiredComponents (14ms)
	FinalizeReload (1222ms)
		ReleaseScriptCaches (0ms)
		RebuildScriptCaches (0ms)
		SetupLoadedEditorAssemblies (935ms)
			LogAssemblyErrors (0ms)
			InitializePlatformSupportModulesInManaged (9ms)
			SetLoadedEditorAssemblies (12ms)
			BeforeProcessingInitializeOnLoad (228ms)
			ProcessInitializeOnLoadAttributes (631ms)
			ProcessInitializeOnLoadMethodAttributes (45ms)
			AfterProcessingInitializeOnLoad (9ms)
			EditorAssembliesLoaded (0ms)
		ExecutionOrderSort2 (0ms)
		AwakeInstancesAfterBackupRestoration (11ms)
Launched and connected shader compiler UnityShaderCompiler.exe after 0.02 seconds
Refreshing native plugins compatible for Editor in 2.89 ms, found 3 plugins.
Preloading 0 native plugins for Editor in 0.00 ms.
Unloading 8 Unused Serialized files (Serialized files now loaded: 0)
Unloading 3337 unused Assets / (384.6 KB). Loaded Objects now: 3827.
Memory consumption went from 80.8 MB to 80.4 MB.
Total: 9.064000 ms (FindLiveObjects: 0.307800 ms CreateObjectMapping: 0.305100 ms MarkObjects: 6.769000 ms  DeleteObjects: 1.680200 ms)

========================================================================
Received Import Request.
  Time since last request: 227.001500 seconds.
  path: Assets/Environment/fresh assets/Wall Assets/brick3TS.png
  artifactKey: Guid(ee9ed1c58aa15ba44be953f5375bbb47) Importer(815301076,1909f56bfc062723c751e8b465ee728b)
Start importing Assets/Environment/fresh assets/Wall Assets/brick3TS.png using Guid(ee9ed1c58aa15ba44be953f5375bbb47) Importer(815301076,1909f56bfc062723c751e8b465ee728b) (PreviewImporter) -> (artifact id: '7fb9091e94829d67805638745c19b202') in 0.1390974 seconds
Number of updated asset objects reloaded before import = 0Number of asset objects unloaded after import = 2

========================================================================
Received Import Request.
  Time since last request: 5.532687 seconds.
  path: Assets/Environment/fresh assets/Wall Assets/New Material.mat
  artifactKey: Guid(b28aa4c509311d2468e3fe9f819bbf04) Importer(815301076,1909f56bfc062723c751e8b465ee728b)
Start importing Assets/Environment/fresh assets/Wall Assets/New Material.mat using Guid(b28aa4c509311d2468e3fe9f819bbf04) Importer(815301076,1909f56bfc062723c751e8b465ee728b) (PreviewImporter) -> (artifact id: 'c9a0d6e571abeb09cad56f82285ceca4') in 0.1517485 seconds
Number of updated asset objects reloaded before import = 0Number of asset objects unloaded after import = 1

========================================================================
Received Import Request.
  Time since last request: 29.201463 seconds.
  path: Assets/Environment/fresh assets/Wall Assets/New Material 1.mat
  artifactKey: Guid(57008d55b66e4a24eb41ccb66340dcf8) Importer(815301076,1909f56bfc062723c751e8b465ee728b)
Start importing Assets/Environment/fresh assets/Wall Assets/New Material 1.mat using Guid(57008d55b66e4a24eb41ccb66340dcf8) Importer(815301076,1909f56bfc062723c751e8b465ee728b) (PreviewImporter) -> (artifact id: '91d4f8de197b77410168329153594e6a') in 0.0260346 seconds
Number of updated asset objects reloaded before import = 0Number of asset objects unloaded after import = 1

========================================================================
Received Import Request.
  Time since last request: 283.619684 seconds.
  path: Assets/Environment/fresh assets/Wall Assets/New Material 2.mat
  artifactKey: Guid(2be9ab655c1b27f428daba18a5a40d70) Importer(815301076,1909f56bfc062723c751e8b465ee728b)
Start importing Assets/Environment/fresh assets/Wall Assets/New Material 2.mat using Guid(2be9ab655c1b27f428daba18a5a40d70) Importer(815301076,1909f56bfc062723c751e8b465ee728b) (PreviewImporter) -> (artifact id: '4b3d4073ab67d6df7beaf4f88a55ed88') in 0.0354205 seconds
Number of updated asset objects reloaded before import = 0Number of asset objects unloaded after import = 1

========================================================================
Received Import Request.
  Time since last request: 94.501392 seconds.
  path: Assets/Environment/crate/crate_Base_Color.png
  artifactKey: Guid(c7ac1809cd67b1048a84a23d56d29974) Importer(815301076,1909f56bfc062723c751e8b465ee728b)
Start importing Assets/Environment/crate/crate_Base_Color.png using Guid(c7ac1809cd67b1048a84a23d56d29974) Importer(815301076,1909f56bfc062723c751e8b465ee728b) (PreviewImporter) -> (artifact id: 'bf68ab601fbbca6e24bb2dd09fcc5fbc') in 0.0370895 seconds
Number of updated asset objects reloaded before import = 0Number of asset objects unloaded after import = 2

========================================================================
Received Import Request.
  Time since last request: 0.000297 seconds.
  path: Assets/Environment/crate/Metal.001_Normal.png
  artifactKey: Guid(20e2e07e9d0770e46a4ed3c775be8bb3) Importer(815301076,1909f56bfc062723c751e8b465ee728b)
Start importing Assets/Environment/crate/Metal.001_Normal.png using Guid(20e2e07e9d0770e46a4ed3c775be8bb3) Importer(815301076,1909f56bfc062723c751e8b465ee728b) (PreviewImporter) -> (artifact id: '36b49c9b8bb4af83fd042db46f5b0fda') in 0.0315935 seconds
Number of updated asset objects reloaded before import = 0Number of asset objects unloaded after import = 2

========================================================================
Received Import Request.
  Time since last request: 0.000030 seconds.
  path: Assets/Environment/crate/crate_Roughness.png
  artifactKey: Guid(9c495d0f1cd0daf49bc697f089c995ed) Importer(815301076,1909f56bfc062723c751e8b465ee728b)
Start importing Assets/Environment/crate/crate_Roughness.png using Guid(9c495d0f1cd0daf49bc697f089c995ed) Importer(815301076,1909f56bfc062723c751e8b465ee728b) (PreviewImporter) -> (artifact id: '3d7910fa306bf318cc7f96206fe2444e') in 0.0302824 seconds
Number of updated asset objects reloaded before import = 0Number of asset objects unloaded after import = 2

========================================================================
Received Import Request.
  Time since last request: 0.000065 seconds.
  path: Assets/Environment/crate/New Material 1.mat
  artifactKey: Guid(900ec98ae6009ca47ae231e2febae6a4) Importer(815301076,1909f56bfc062723c751e8b465ee728b)
Start importing Assets/Environment/crate/New Material 1.mat using Guid(900ec98ae6009ca47ae231e2febae6a4) Importer(815301076,1909f56bfc062723c751e8b465ee728b) (PreviewImporter) -> (artifact id: '43e10246e38b50c1d383213e5bff3964') in 0.0414983 seconds
Number of updated asset objects reloaded before import = 0Number of asset objects unloaded after import = 3

========================================================================
Received Import Request.
  Time since last request: 0.000026 seconds.
  path: Assets/Environment/crate/Metal.001_Base_Color.png
  artifactKey: Guid(ec9c297478bf62e4e8fa960c150b9699) Importer(815301076,1909f56bfc062723c751e8b465ee728b)
Start importing Assets/Environment/crate/Metal.001_Base_Color.png using Guid(ec9c297478bf62e4e8fa960c150b9699) Importer(815301076,1909f56bfc062723c751e8b465ee728b) (PreviewImporter) -> (artifact id: 'dbf2fe356ecec9fe541db3be3a9ca331') in 0.0279497 seconds
Number of updated asset objects reloaded before import = 0Number of asset objects unloaded after import = 2

========================================================================
Received Import Request.
  Time since last request: 0.000023 seconds.
  path: Assets/Environment/crate/crate_Normal_DirectX.png
  artifactKey: Guid(6edb24e69c185eb41b0156d9d2bf0fa1) Importer(815301076,1909f56bfc062723c751e8b465ee728b)
Start importing Assets/Environment/crate/crate_Normal_DirectX.png using Guid(6edb24e69c185eb41b0156d9d2bf0fa1) Importer(815301076,1909f56bfc062723c751e8b465ee728b) (PreviewImporter) -> (artifact id: '233ead35b48b0bae922f8d84f7421276') in 0.0254382 seconds
Number of updated asset objects reloaded before import = 0Number of asset objects unloaded after import = 2

========================================================================
Received Import Request.
  Time since last request: 0.000028 seconds.
  path: Assets/Environment/crate/Metal.001_Roughness.png
  artifactKey: Guid(db0c7a69d30c52245948eb952a974851) Importer(815301076,1909f56bfc062723c751e8b465ee728b)
Start importing Assets/Environment/crate/Metal.001_Roughness.png using Guid(db0c7a69d30c52245948eb952a974851) Importer(815301076,1909f56bfc062723c751e8b465ee728b) (PreviewImporter) -> (artifact id: '6b4e397304df17fffc5692db9c25b719') in 0.0254653 seconds
Number of updated asset objects reloaded before import = 0Number of asset objects unloaded after import = 2

========================================================================
Received Import Request.
  Time since last request: 0.000027 seconds.
  path: Assets/Environment/crate/Metal.001_Height.png
  artifactKey: Guid(5ce109a5a40dd6947af0424f0f365b17) Importer(815301076,1909f56bfc062723c751e8b465ee728b)
Start importing Assets/Environment/crate/Metal.001_Height.png using Guid(5ce109a5a40dd6947af0424f0f365b17) Importer(815301076,1909f56bfc062723c751e8b465ee728b) (PreviewImporter) -> (artifact id: '81a885ab849659becd0ef310544a9474') in 0.012389 seconds
Number of updated asset objects reloaded before import = 0Number of asset objects unloaded after import = 2

========================================================================
Received Import Request.
  Time since last request: 0.000027 seconds.
  path: Assets/Environment/crate/crate_Normal.png
  artifactKey: Guid(3101bc87f880eb24384d5144d742030c) Importer(815301076,1909f56bfc062723c751e8b465ee728b)
Start importing Assets/Environment/crate/crate_Normal.png using Guid(3101bc87f880eb24384d5144d742030c) Importer(815301076,1909f56bfc062723c751e8b465ee728b) (PreviewImporter) -> (artifact id: '616edf8588492ff6fd5ff0453baad708') in 0.0152442 seconds
Number of updated asset objects reloaded before import = 0Number of asset objects unloaded after import = 2

========================================================================
Received Import Request.
  Time since last request: 0.000046 seconds.
  path: Assets/Environment/crate/cratefbx.fbx
  artifactKey: Guid(6c7e58820235cfa499e0f039a7facd85) Importer(815301076,1909f56bfc062723c751e8b465ee728b)
Start importing Assets/Environment/crate/cratefbx.fbx using Guid(6c7e58820235cfa499e0f039a7facd85) Importer(815301076,1909f56bfc062723c751e8b465ee728b) (PreviewImporter) -> (artifact id: '34186841ddff275399bf52ae41d443d0') in 0.1211967 seconds
Number of updated asset objects reloaded before import = 0Number of asset objects unloaded after import = 11

========================================================================
Received Import Request.
  Time since last request: 0.620175 seconds.
  path: Assets/Environment/barrel/barrel.fbx
  artifactKey: Guid(98862c4f35e34ba4297106b7984e033c) Importer(815301076,1909f56bfc062723c751e8b465ee728b)
Start importing Assets/Environment/barrel/barrel.fbx using Guid(98862c4f35e34ba4297106b7984e033c) Importer(815301076,1909f56bfc062723c751e8b465ee728b) (PreviewImporter) -> (artifact id: '1bc9b097341ab362a69907c19180d913') in 0.0487009 seconds
Number of updated asset objects reloaded before import = 0Number of asset objects unloaded after import = 11

========================================================================
Received Import Request.
  Time since last request: 0.000137 seconds.
  path: Assets/Environment/barrel/Metal_Mixed_AO.png
  artifactKey: Guid(a8c1d809e5a137240b18aa84277c1d2f) Importer(815301076,1909f56bfc062723c751e8b465ee728b)
Start importing Assets/Environment/barrel/Metal_Mixed_AO.png using Guid(a8c1d809e5a137240b18aa84277c1d2f) Importer(815301076,1909f56bfc062723c751e8b465ee728b) (PreviewImporter) -> (artifact id: '0eecdd7084d39773eac33b4599c3f638') in 0.030889 seconds
Number of updated asset objects reloaded before import = 0Number of asset objects unloaded after import = 2

========================================================================
Received Import Request.
  Time since last request: 0.000049 seconds.
  path: Assets/Environment/barrel/New Material.mat
  artifactKey: Guid(28aeafcadd56240449d59f8efa17074a) Importer(815301076,1909f56bfc062723c751e8b465ee728b)
Start importing Assets/Environment/barrel/New Material.mat using Guid(28aeafcadd56240449d59f8efa17074a) Importer(815301076,1909f56bfc062723c751e8b465ee728b) (PreviewImporter) -> (artifact id: 'ae12eab9883b11ed7d257639d83c2e5b') in 0.0443404 seconds
Number of updated asset objects reloaded before import = 0Number of asset objects unloaded after import = 4

========================================================================
Received Import Request.
  Time since last request: 0.000041 seconds.
  path: Assets/Environment/barrel/Metal_Normal_DirectX.png
  artifactKey: Guid(f168b561fd31a374eafffd15181c1d67) Importer(815301076,1909f56bfc062723c751e8b465ee728b)
Start importing Assets/Environment/barrel/Metal_Normal_DirectX.png using Guid(f168b561fd31a374eafffd15181c1d67) Importer(815301076,1909f56bfc062723c751e8b465ee728b) (PreviewImporter) -> (artifact id: '5ba05ab538a8f136c953d907c9bbd0c9') in 0.022559 seconds
Number of updated asset objects reloaded before import = 0Number of asset objects unloaded after import = 2

========================================================================
Received Import Request.
  Time since last request: 0.000028 seconds.
  path: Assets/Environment/barrel/barrel_Metallic.png
  artifactKey: Guid(560fddc1608bc0c42877ff52057cd22e) Importer(815301076,1909f56bfc062723c751e8b465ee728b)
Start importing Assets/Environment/barrel/barrel_Metallic.png using Guid(560fddc1608bc0c42877ff52057cd22e) Importer(815301076,1909f56bfc062723c751e8b465ee728b) (PreviewImporter) -> (artifact id: '8f3a08dfa720e48305279728cf81ae99') in 0.0115259 seconds
Number of updated asset objects reloaded before import = 0Number of asset objects unloaded after import = 2

========================================================================
Received Import Request.
  Time since last request: 0.000028 seconds.
  path: Assets/Environment/barrel/barrel_Normal_DirectX.png
  artifactKey: Guid(5fd849317db252a4197b5a8528d633bf) Importer(815301076,1909f56bfc062723c751e8b465ee728b)
Start importing Assets/Environment/barrel/barrel_Normal_DirectX.png using Guid(5fd849317db252a4197b5a8528d633bf) Importer(815301076,1909f56bfc062723c751e8b465ee728b) (PreviewImporter) -> (artifact id: 'f840316e6433b08f71bfe6ff27719013') in 0.0251739 seconds
Number of updated asset objects reloaded before import = 0Number of asset objects unloaded after import = 2

========================================================================
Received Import Request.
  Time since last request: 0.000076 seconds.
  path: Assets/Environment/barrel/barrel_Normal.png
  artifactKey: Guid(29a1159b889db9f419fdcf91934ec324) Importer(815301076,1909f56bfc062723c751e8b465ee728b)
Start importing Assets/Environment/barrel/barrel_Normal.png using Guid(29a1159b889db9f419fdcf91934ec324) Importer(815301076,1909f56bfc062723c751e8b465ee728b) (PreviewImporter) -> (artifact id: '8cbffd470a018549e9aad4df7c7c0816') in 0.0101336 seconds
Number of updated asset objects reloaded before import = 0Number of asset objects unloaded after import = 2

========================================================================
Received Import Request.
  Time since last request: 16.021455 seconds.
  path: Assets/Environment/fresh assets/ground assets/dirt.fbx
  artifactKey: Guid(cb4b2ac245981554f81da6f65b8f5204) Importer(815301076,1909f56bfc062723c751e8b465ee728b)
Start importing Assets/Environment/fresh assets/ground assets/dirt.fbx using Guid(cb4b2ac245981554f81da6f65b8f5204) Importer(815301076,1909f56bfc062723c751e8b465ee728b) (PreviewImporter) -> (artifact id: 'dcb0cf7b25a844c029330d6320ad8840') in 0.0570028 seconds
Number of updated asset objects reloaded before import = 0Number of asset objects unloaded after import = 9

========================================================================
Received Import Request.
  Time since last request: 0.000028 seconds.
  path: Assets/Environment/fresh assets/ground assets/New Material.mat
  artifactKey: Guid(1e6c1204befff1e46b77b2de307984c1) Importer(815301076,1909f56bfc062723c751e8b465ee728b)
Start importing Assets/Environment/fresh assets/ground assets/New Material.mat using Guid(1e6c1204befff1e46b77b2de307984c1) Importer(815301076,1909f56bfc062723c751e8b465ee728b) (PreviewImporter) -> (artifact id: '6d1e8e976d7717e75defc6efbc158b9a') in 0.0248875 seconds
Number of updated asset objects reloaded before import = 0Number of asset objects unloaded after import = 1

========================================================================
Received Import Request.
  Time since last request: 0.000031 seconds.
  path: Assets/Environment/fresh assets/ground assets/rock TS.jpg
  artifactKey: Guid(4318d17ef5839364f85f709e40db0ceb) Importer(815301076,1909f56bfc062723c751e8b465ee728b)
Start importing Assets/Environment/fresh assets/ground assets/rock TS.jpg using Guid(4318d17ef5839364f85f709e40db0ceb) Importer(815301076,1909f56bfc062723c751e8b465ee728b) (PreviewImporter) -> (artifact id: '1c00a1b93a5430b0c0dc8235f82bc720') in 0.0307054 seconds
Number of updated asset objects reloaded before import = 0Number of asset objects unloaded after import = 2

Editor requested this worker to shutdown with reason: Scaling down because of idle timeout
AssetImportWorker is now disconnected from the server
Process exiting
Exiting without the bug reporter. Application will terminate with return code 0